<?xml version="1.0" encoding="UTF-8"?>
<testng-results skipped="0" failed="0" ignored="0" total="1" passed="1">
  <reporter-output>
  </reporter-output>
  <suite name="Suite" duration-ms="12807" started-at="2019-03-29T10:06:32Z" finished-at="2019-03-29T10:06:45Z">
    <groups>
    </groups>
    <test name="Test" duration-ms="12807" started-at="2019-03-29T10:06:32Z" finished-at="2019-03-29T10:06:45Z">
      <class name="com.flipkart.businessScripts.Flipkart_AddToCart">
        <test-method status="PASS" signature="openBrowser(java.lang.String)[pri:0, instance:com.flipkart.businessScripts.Flipkart_AddToCart@548e7350]" name="openBrowser" is-config="true" duration-ms="4492" started-at="2019-03-29T10:06:27Z" finished-at="2019-03-29T10:06:32Z">
          <params>
            <param index="0">
              <value>
                <![CDATA[chrome]]>
              </value>
            </param>
          </params>
          <reporter-output>
          </reporter-output>
        </test-method> <!-- openBrowser -->
        <test-method status="PASS" signature="beforeClass()[pri:0, instance:com.flipkart.businessScripts.Flipkart_AddToCart@548e7350]" name="beforeClass" is-config="true" duration-ms="0" started-at="2019-03-29T10:06:32Z" finished-at="2019-03-29T10:06:32Z">
          <reporter-output>
          </reporter-output>
        </test-method> <!-- beforeClass -->
        <test-method status="PASS" signature="Flipkart_AddToCartFlow()[pri:0, instance:com.flipkart.businessScripts.Flipkart_AddToCart@548e7350]" name="Flipkart_AddToCartFlow" duration-ms="12776" started-at="2019-03-29T10:06:32Z" finished-at="2019-03-29T10:06:45Z">
          <reporter-output>
          </reporter-output>
        </test-method> <!-- Flipkart_AddToCartFlow -->
        <test-method status="PASS" signature="methodname(java.lang.reflect.Method)[pri:0, instance:com.flipkart.businessScripts.Flipkart_AddToCart@548e7350]" name="methodname" is-config="true" duration-ms="0" started-at="2019-03-29T10:06:32Z" finished-at="2019-03-29T10:06:32Z">
          <params>
            <param index="0">
              <value>
                <![CDATA[public void com.flipkart.businessScripts.Flipkart_AddToCart.Flipkart_AddToCartFlow() throws java.io.IOException]]>
              </value>
            </param>
          </params>
          <reporter-output>
          </reporter-output>
        </test-method> <!-- methodname -->
        <test-method status="PASS" signature="afterMethod(org.testng.ITestResult, java.lang.reflect.Method)[pri:0, instance:com.flipkart.businessScripts.Flipkart_AddToCart@548e7350]" name="afterMethod" is-config="true" duration-ms="0" started-at="2019-03-29T10:06:45Z" finished-at="2019-03-29T10:06:45Z">
          <params>
            <param index="0">
              <value>
                <![CDATA[[TestResult name=Flipkart_AddToCartFlow status=SUCCESS method=Flipkart_AddToCart.Flipkart_AddToCartFlow()[pri:0, instance:com.flipkart.businessScripts.Flipkart_AddToCart@548e7350] output={null}]]]>
              </value>
            </param>
            <param index="1">
              <value>
                <![CDATA[public void com.flipkart.businessScripts.Flipkart_AddToCart.Flipkart_AddToCartFlow() throws java.io.IOException]]>
              </value>
            </param>
          </params>
          <reporter-output>
          </reporter-output>
        </test-method> <!-- afterMethod -->
        <test-method status="PASS" signature="close()[pri:0, instance:com.flipkart.businessScripts.Flipkart_AddToCart@548e7350]" name="close" is-config="true" duration-ms="3403" started-at="2019-03-29T10:06:45Z" finished-at="2019-03-29T10:06:48Z">
          <reporter-output>
          </reporter-output>
        </test-method> <!-- close -->
      </class> <!-- com.flipkart.businessScripts.Flipkart_AddToCart -->
    </test> <!-- Test -->
  </suite> <!-- Suite -->
</testng-results>
